F:\PTC_ME\MY PROJECTS\C++\OTHERS\BARCODE\QRCODEGENERATOR\DEBUG\BITBUFFER.OBJ
F:\PTC_ME\MY PROJECTS\C++\OTHERS\BARCODE\QRCODEGENERATOR\DEBUG\QRCODE.OBJ
F:\PTC_ME\MY PROJECTS\C++\OTHERS\BARCODE\QRCODEGENERATOR\DEBUG\QRCODEGENERATORDEMO.OBJ
F:\PTC_ME\MY PROJECTS\C++\OTHERS\BARCODE\QRCODEGENERATOR\DEBUG\QRSEGMENT.OBJ
F:\PTC_ME\MY PROJECTS\C++\OTHERS\BARCODE\QRCODEGENERATOR\DEBUG\VC110.PDB
F:\PTC_ME\MY PROJECTS\C++\OTHERS\BARCODE\DEBUG\QRCODEGENERATOR.ILK
F:\PTC_ME\MY PROJECTS\C++\OTHERS\BARCODE\DEBUG\QRCODEGENERATOR.EXE
F:\PTC_ME\MY PROJECTS\C++\OTHERS\BARCODE\DEBUG\QRCODEGENERATOR.PDB
F:\PTC_Me\My Projects\C++\Others\Barcode\QRCodeGenerator\Debug\BitBuffer.obj
F:\PTC_Me\My Projects\C++\Others\Barcode\QRCodeGenerator\Debug\QrCode.obj
F:\PTC_Me\My Projects\C++\Others\Barcode\QRCodeGenerator\Debug\QrCodeGeneratorDemo.obj
F:\PTC_Me\My Projects\C++\Others\Barcode\QRCodeGenerator\Debug\QrSegment.obj
F:\PTC_Me\My Projects\C++\Others\Barcode\QRCodeGenerator\Debug\cl.command.1.tlog
F:\PTC_Me\My Projects\C++\Others\Barcode\QRCodeGenerator\Debug\CL.read.1.tlog
F:\PTC_Me\My Projects\C++\Others\Barcode\QRCodeGenerator\Debug\CL.write.1.tlog
F:\PTC_Me\My Projects\C++\Others\Barcode\QRCodeGenerator\Debug\link-cvtres.read.1.tlog
F:\PTC_Me\My Projects\C++\Others\Barcode\QRCodeGenerator\Debug\link-cvtres.write.1.tlog
F:\PTC_Me\My Projects\C++\Others\Barcode\QRCodeGenerator\Debug\link-rc.read.1.tlog
F:\PTC_Me\My Projects\C++\Others\Barcode\QRCodeGenerator\Debug\link-rc.write.1.tlog
F:\PTC_Me\My Projects\C++\Others\Barcode\QRCodeGenerator\Debug\link.command.1.tlog
F:\PTC_Me\My Projects\C++\Others\Barcode\QRCodeGenerator\Debug\link.read.1.tlog
F:\PTC_Me\My Projects\C++\Others\Barcode\QRCodeGenerator\Debug\link.write.1.tlog
F:\PTC_Me\My Projects\C++\Others\Barcode\QRCodeGenerator\Debug\vc110.idb
F:\PTC_Me\My Projects\C++\Others\Barcode\QRCodeGenerator\Debug\vc110.pdb
F:\PTC_Me\My Projects\C++\Others\Barcode\Debug\QRCodeGenerator.pdb
F:\PTC_Me\My Projects\C++\Others\Barcode\Debug\QRCodeGenerator.exe
F:\PTC_Me\My Projects\C++\Others\Barcode\Debug\QRCodeGenerator.ilk
