F:\PTC_ME\MY PROJECTS\C++\OTHERS\BARCODE\DEBUG\QRGENERATOR.BSC
F:\PTC_ME\MY PROJECTS\C++\OTHERS\BARCODE\QRGENERATOR\DEBUG\STDAFX.SBR
F:\PTC_ME\MY PROJECTS\C++\OTHERS\BARCODE\QRGENERATOR\DEBUG\QRGENERATOR.SBR
F:\PTC_ME\MY PROJECTS\C++\OTHERS\BARCODE\QRGENERATOR\DEBUG\BITMAP.SBR
F:\PTC_ME\MY PROJECTS\C++\OTHERS\BARCODE\QRGENERATOR\DEBUG\BITMAP.OBJ
F:\PTC_ME\MY PROJECTS\C++\OTHERS\BARCODE\QRGENERATOR\DEBUG\QRGENERATOR.OBJ
F:\PTC_ME\MY PROJECTS\C++\OTHERS\BARCODE\QRGENERATOR\DEBUG\STDAFX.OBJ
F:\PTC_ME\MY PROJECTS\C++\OTHERS\BARCODE\QRGENERATOR\DEBUG\VC110.PDB
F:\PTC_ME\MY PROJECTS\C++\OTHERS\BARCODE\QRGENERATOR\DEBUG\SPLIT.SBR
F:\PTC_ME\MY PROJECTS\C++\OTHERS\BARCODE\QRGENERATOR\DEBUG\RSCODE.SBR
F:\PTC_ME\MY PROJECTS\C++\OTHERS\BARCODE\QRGENERATOR\DEBUG\QRSPEC.SBR
F:\PTC_ME\MY PROJECTS\C++\OTHERS\BARCODE\QRGENERATOR\DEBUG\QRINPUT.SBR
F:\PTC_ME\MY PROJECTS\C++\OTHERS\BARCODE\QRGENERATOR\DEBUG\QRENCODE.SBR
F:\PTC_ME\MY PROJECTS\C++\OTHERS\BARCODE\QRGENERATOR\DEBUG\MQRSPEC.SBR
F:\PTC_ME\MY PROJECTS\C++\OTHERS\BARCODE\QRGENERATOR\DEBUG\MMASK.SBR
F:\PTC_ME\MY PROJECTS\C++\OTHERS\BARCODE\QRGENERATOR\DEBUG\MASK.SBR
F:\PTC_ME\MY PROJECTS\C++\OTHERS\BARCODE\QRGENERATOR\DEBUG\BITSTREAM.SBR
F:\PTC_ME\MY PROJECTS\C++\OTHERS\BARCODE\QRGENERATOR\DEBUG\BITSTREAM.OBJ
F:\PTC_ME\MY PROJECTS\C++\OTHERS\BARCODE\QRGENERATOR\DEBUG\MASK.OBJ
F:\PTC_ME\MY PROJECTS\C++\OTHERS\BARCODE\QRGENERATOR\DEBUG\MMASK.OBJ
F:\PTC_ME\MY PROJECTS\C++\OTHERS\BARCODE\QRGENERATOR\DEBUG\MQRSPEC.OBJ
F:\PTC_ME\MY PROJECTS\C++\OTHERS\BARCODE\QRGENERATOR\DEBUG\QRENCODE.OBJ
F:\PTC_ME\MY PROJECTS\C++\OTHERS\BARCODE\QRGENERATOR\DEBUG\QRINPUT.OBJ
F:\PTC_ME\MY PROJECTS\C++\OTHERS\BARCODE\QRGENERATOR\DEBUG\QRSPEC.OBJ
F:\PTC_ME\MY PROJECTS\C++\OTHERS\BARCODE\QRGENERATOR\DEBUG\RSCODE.OBJ
F:\PTC_ME\MY PROJECTS\C++\OTHERS\BARCODE\QRGENERATOR\DEBUG\SPLIT.OBJ
F:\PTC_ME\MY PROJECTS\C++\OTHERS\BARCODE\DEBUG\QRGENERATOR.ILK
F:\PTC_ME\MY PROJECTS\C++\OTHERS\BARCODE\DEBUG\QRGENERATOR.EXE
F:\PTC_ME\MY PROJECTS\C++\OTHERS\BARCODE\DEBUG\QRGENERATOR.PDB
F:\PTC_Me\My Projects\C++\Others\Barcode\QRGenerator\Debug\bitmap.obj
F:\PTC_Me\My Projects\C++\Others\Barcode\QRGenerator\Debug\bitstream.obj
F:\PTC_Me\My Projects\C++\Others\Barcode\QRGenerator\Debug\mask.obj
F:\PTC_Me\My Projects\C++\Others\Barcode\QRGenerator\Debug\mmask.obj
F:\PTC_Me\My Projects\C++\Others\Barcode\QRGenerator\Debug\mqrspec.obj
F:\PTC_Me\My Projects\C++\Others\Barcode\QRGenerator\Debug\qrencode.obj
F:\PTC_Me\My Projects\C++\Others\Barcode\QRGenerator\Debug\QRGenerator.obj
F:\PTC_Me\My Projects\C++\Others\Barcode\QRGenerator\Debug\qrinput.obj
F:\PTC_Me\My Projects\C++\Others\Barcode\QRGenerator\Debug\qrspec.obj
F:\PTC_Me\My Projects\C++\Others\Barcode\QRGenerator\Debug\rscode.obj
F:\PTC_Me\My Projects\C++\Others\Barcode\QRGenerator\Debug\split.obj
F:\PTC_Me\My Projects\C++\Others\Barcode\QRGenerator\Debug\stdafx.obj
F:\PTC_Me\My Projects\C++\Others\Barcode\QRGenerator\Debug\BscMake.command.1.tlog
F:\PTC_Me\My Projects\C++\Others\Barcode\QRGenerator\Debug\bscmake.read.1.tlog
F:\PTC_Me\My Projects\C++\Others\Barcode\QRGenerator\Debug\BscMake.write.1.tlog
F:\PTC_Me\My Projects\C++\Others\Barcode\QRGenerator\Debug\cl.command.1.tlog
F:\PTC_Me\My Projects\C++\Others\Barcode\QRGenerator\Debug\CL.read.1.tlog
F:\PTC_Me\My Projects\C++\Others\Barcode\QRGenerator\Debug\CL.write.1.tlog
F:\PTC_Me\My Projects\C++\Others\Barcode\QRGenerator\Debug\link-cvtres.read.1.tlog
F:\PTC_Me\My Projects\C++\Others\Barcode\QRGenerator\Debug\link-cvtres.write.1.tlog
F:\PTC_Me\My Projects\C++\Others\Barcode\QRGenerator\Debug\link-rc.read.1.tlog
F:\PTC_Me\My Projects\C++\Others\Barcode\QRGenerator\Debug\link-rc.write.1.tlog
F:\PTC_Me\My Projects\C++\Others\Barcode\QRGenerator\Debug\link.command.1.tlog
F:\PTC_Me\My Projects\C++\Others\Barcode\QRGenerator\Debug\link.read.1.tlog
F:\PTC_Me\My Projects\C++\Others\Barcode\QRGenerator\Debug\link.write.1.tlog
F:\PTC_Me\My Projects\C++\Others\Barcode\QRGenerator\Debug\vc110.idb
F:\PTC_Me\My Projects\C++\Others\Barcode\QRGenerator\Debug\vc110.pdb
F:\PTC_Me\My Projects\C++\Others\Barcode\QRGenerator\Debug\bitmap.sbr
F:\PTC_Me\My Projects\C++\Others\Barcode\QRGenerator\Debug\bitstream.sbr
F:\PTC_Me\My Projects\C++\Others\Barcode\QRGenerator\Debug\mask.sbr
F:\PTC_Me\My Projects\C++\Others\Barcode\QRGenerator\Debug\mmask.sbr
F:\PTC_Me\My Projects\C++\Others\Barcode\QRGenerator\Debug\mqrspec.sbr
F:\PTC_Me\My Projects\C++\Others\Barcode\QRGenerator\Debug\qrencode.sbr
F:\PTC_Me\My Projects\C++\Others\Barcode\QRGenerator\Debug\QRGenerator.sbr
F:\PTC_Me\My Projects\C++\Others\Barcode\QRGenerator\Debug\qrinput.sbr
F:\PTC_Me\My Projects\C++\Others\Barcode\QRGenerator\Debug\qrspec.sbr
F:\PTC_Me\My Projects\C++\Others\Barcode\QRGenerator\Debug\rscode.sbr
F:\PTC_Me\My Projects\C++\Others\Barcode\QRGenerator\Debug\split.sbr
F:\PTC_Me\My Projects\C++\Others\Barcode\QRGenerator\Debug\stdafx.sbr
F:\PTC_Me\My Projects\C++\Others\Barcode\Debug\QRGenerator.pdb
F:\PTC_Me\My Projects\C++\Others\Barcode\Debug\QRGenerator.exe
F:\PTC_Me\My Projects\C++\Others\Barcode\Debug\QRGenerator.bsc
F:\PTC_Me\My Projects\C++\Others\Barcode\Debug\QRGenerator.ilk
