F:\POOL\C++\BARCODE\QRCODE\DEBUG\MAIN.OBJ
F:\POOL\C++\BARCODE\QRCODE\DEBUG\QRBITBUFFER.OBJ
F:\POOL\C++\BARCODE\QRCODE\DEBUG\QRCODE.OBJ
F:\POOL\C++\BARCODE\QRCODE\DEBUG\QRDATAENCODE.OBJ
F:\POOL\C++\BARCODE\QRCODE\DEBUG\QRSEGMENT.OBJ
F:\POOL\C++\BARCODE\QRCODE\DEBUG\QRUTILITY.OBJ
F:\POOL\C++\BARCODE\QRCODE\DEBUG\VC110.PDB
F:\POOL\C++\BARCODE\DEBUG\QRCODE.ILK
F:\POOL\C++\BARCODE\DEBUG\QRCODE.EXE
F:\POOL\C++\BARCODE\DEBUG\QRCODE.PDB
F:\Pool\C++\Barcode\QRCode\Debug\main.obj
F:\Pool\C++\Barcode\QRCode\Debug\qrbitbuffer.obj
F:\Pool\C++\Barcode\QRCode\Debug\qrcode.obj
F:\Pool\C++\Barcode\QRCode\Debug\qrdataencode.obj
F:\Pool\C++\Barcode\QRCode\Debug\qrsegment.obj
F:\Pool\C++\Barcode\QRCode\Debug\qrutility.obj
F:\Pool\C++\Barcode\QRCode\Debug\cl.command.1.tlog
F:\Pool\C++\Barcode\QRCode\Debug\CL.read.1.tlog
F:\Pool\C++\Barcode\QRCode\Debug\CL.write.1.tlog
F:\Pool\C++\Barcode\QRCode\Debug\link-cvtres.read.1.tlog
F:\Pool\C++\Barcode\QRCode\Debug\link-cvtres.write.1.tlog
F:\Pool\C++\Barcode\QRCode\Debug\link-rc.read.1.tlog
F:\Pool\C++\Barcode\QRCode\Debug\link-rc.write.1.tlog
F:\Pool\C++\Barcode\QRCode\Debug\link.command.1.tlog
F:\Pool\C++\Barcode\QRCode\Debug\link.read.1.tlog
F:\Pool\C++\Barcode\QRCode\Debug\link.write.1.tlog
F:\Pool\C++\Barcode\QRCode\Debug\vc110.idb
F:\Pool\C++\Barcode\QRCode\Debug\vc110.pdb
F:\Pool\C++\Barcode\Debug\QRCode.pdb
F:\Pool\C++\Barcode\Debug\QRCode.exe
F:\Pool\C++\Barcode\Debug\QRCode.ilk
