Build started 08-06-2016 18:19:54.
     1>Project "F:\PTC_Me\My Projects\C++\Others\Barcode\QRCode\QRCode.vcxproj" on node 2 (Rebuild target(s)).
     1>ClCompile:
         G:\Program Files (x86)\Microsoft Visual Studio 11.0\VC\bin\CL.exe /c /ZI /nologo /W3 /WX- /Od /Oy- /D WIN32 /D _DEBUG /D _CONSOLE /D _UNICODE /D UNICODE /Gm /EHsc /RTC1 /MDd /GS /fp:precise /Zc:wchar_t /Zc:forScope /Fo"Debug\\" /Fd"Debug\vc110.pdb" /Gd /TP /analyze- /errorReport:prompt main.cpp qrbitbuffer.cpp qrcode.cpp qrdataencode.cpp qrsegment.cpp qrutility.cpp
         qrutility.cpp
         qrsegment.cpp
         qrdataencode.cpp
     1>f:\ptc_me\my projects\c++\others\barcode\qrcode\qrdataencode.cpp(161): warning C4018: '>' : signed/unsigned mismatch
         qrcode.cpp
         qrbitbuffer.cpp
         main.cpp
         Generating Code...
     1>f:\ptc_me\my projects\c++\others\barcode\qrcode\qrcode.cpp(132): warning C4715: 'QR::QRCode::getDataEncode' : not all control paths return a value
       Link:
         G:\Program Files (x86)\Microsoft Visual Studio 11.0\VC\bin\link.exe /ERRORREPORT:PROMPT /OUT:"F:\PTC_Me\My Projects\C++\Others\Barcode\Debug\QRCode.exe" /INCREMENTAL /NOLOGO kernel32.lib user32.lib gdi32.lib winspool.lib comdlg32.lib advapi32.lib shell32.lib ole32.lib oleaut32.lib uuid.lib odbc32.lib odbccp32.lib /MANIFEST /MANIFESTUAC:"level='asInvoker' uiAccess='false'" /manifest:embed /DEBUG /PDB:"F:\PTC_Me\My Projects\C++\Others\Barcode\Debug\QRCode.pdb" /SUBSYSTEM:CONSOLE /TLBID:1 /DYNAMICBASE /NXCOMPAT /IMPLIB:"F:\PTC_Me\My Projects\C++\Others\Barcode\Debug\QRCode.lib" /MACHINE:X86 Debug\main.obj
         Debug\qrbitbuffer.obj
         Debug\qrcode.obj
         Debug\qrdataencode.obj
         Debug\qrsegment.obj
         Debug\qrutility.obj
         QRCode.vcxproj -> F:\PTC_Me\My Projects\C++\Others\Barcode\Debug\QRCode.exe
     1>Done Building Project "F:\PTC_Me\My Projects\C++\Others\Barcode\QRCode\QRCode.vcxproj" (Rebuild target(s)).

Build succeeded.

Time Elapsed 00:00:03.17
