F:\PTC_ME\MY PROJECTS\C++\OTHERS\BARCODE\BITMAP\DEBUG\BITMAP.OBJ
F:\PTC_ME\MY PROJECTS\C++\OTHERS\BARCODE\BITMAP\DEBUG\MAIN.OBJ
F:\PTC_ME\MY PROJECTS\C++\OTHERS\BARCODE\BITMAP\DEBUG\VC110.PDB
F:\PTC_ME\MY PROJECTS\C++\OTHERS\BARCODE\DEBUG\BITMAP.ILK
F:\PTC_ME\MY PROJECTS\C++\OTHERS\BARCODE\DEBUG\BITMAP.EXE
F:\PTC_ME\MY PROJECTS\C++\OTHERS\BARCODE\DEBUG\BITMAP.PDB
F:\PTC_Me\My Projects\C++\Others\Barcode\Bitmap\Debug\bitmap.obj
F:\PTC_Me\My Projects\C++\Others\Barcode\Bitmap\Debug\main.obj
F:\PTC_Me\My Projects\C++\Others\Barcode\Bitmap\Debug\cl.command.1.tlog
F:\PTC_Me\My Projects\C++\Others\Barcode\Bitmap\Debug\CL.read.1.tlog
F:\PTC_Me\My Projects\C++\Others\Barcode\Bitmap\Debug\CL.write.1.tlog
F:\PTC_Me\My Projects\C++\Others\Barcode\Bitmap\Debug\link-cvtres.read.1.tlog
F:\PTC_Me\My Projects\C++\Others\Barcode\Bitmap\Debug\link-cvtres.write.1.tlog
F:\PTC_Me\My Projects\C++\Others\Barcode\Bitmap\Debug\link-rc.read.1.tlog
F:\PTC_Me\My Projects\C++\Others\Barcode\Bitmap\Debug\link-rc.write.1.tlog
F:\PTC_Me\My Projects\C++\Others\Barcode\Bitmap\Debug\link.command.1.tlog
F:\PTC_Me\My Projects\C++\Others\Barcode\Bitmap\Debug\link.read.1.tlog
F:\PTC_Me\My Projects\C++\Others\Barcode\Bitmap\Debug\link.write.1.tlog
F:\PTC_Me\My Projects\C++\Others\Barcode\Bitmap\Debug\vc110.idb
F:\PTC_Me\My Projects\C++\Others\Barcode\Bitmap\Debug\vc110.pdb
F:\PTC_Me\My Projects\C++\Others\Barcode\Debug\Bitmap.pdb
F:\PTC_Me\My Projects\C++\Others\Barcode\Debug\Bitmap.exe
F:\PTC_Me\My Projects\C++\Others\Barcode\Debug\Bitmap.ilk
