F:\PTC_ME\MY PROJECTS\C++\OTHERS\BARCODE\QRCODEGEN\DEBUG\BITMAP.OBJ
F:\PTC_ME\MY PROJECTS\C++\OTHERS\BARCODE\QRCODEGEN\DEBUG\JPEG.OBJ
F:\PTC_ME\MY PROJECTS\C++\OTHERS\BARCODE\QRCODEGEN\DEBUG\MAIN.OBJ
F:\PTC_ME\MY PROJECTS\C++\OTHERS\BARCODE\QRCODEGEN\DEBUG\QRBITBUFFER.OBJ
F:\PTC_ME\MY PROJECTS\C++\OTHERS\BARCODE\QRCODEGEN\DEBUG\QRCODE.OBJ
F:\PTC_ME\MY PROJECTS\C++\OTHERS\BARCODE\QRCODEGEN\DEBUG\QRREEDSOLOMONGENERATOR.OBJ
F:\PTC_ME\MY PROJECTS\C++\OTHERS\BARCODE\QRCODEGEN\DEBUG\QRSEGMENT.OBJ
F:\PTC_ME\MY PROJECTS\C++\OTHERS\BARCODE\QRCODEGEN\DEBUG\QRUTILITY.OBJ
F:\PTC_ME\MY PROJECTS\C++\OTHERS\BARCODE\QRCODEGEN\DEBUG\SAVEJPG.OBJ
F:\PTC_ME\MY PROJECTS\C++\OTHERS\BARCODE\QRCODEGEN\DEBUG\VC110.PDB
F:\PTC_ME\MY PROJECTS\C++\OTHERS\BARCODE\DEBUG\QRCODEGEN.ILK
F:\PTC_ME\MY PROJECTS\C++\OTHERS\BARCODE\DEBUG\QRCODEGEN.EXE
F:\PTC_ME\MY PROJECTS\C++\OTHERS\BARCODE\DEBUG\QRCODEGEN.PDB
F:\PTC_Me\My Projects\C++\Others\Barcode\QRCodeGen\Debug\bitmap.obj
F:\PTC_Me\My Projects\C++\Others\Barcode\QRCodeGen\Debug\jpeg.obj
F:\PTC_Me\My Projects\C++\Others\Barcode\QRCodeGen\Debug\main.obj
F:\PTC_Me\My Projects\C++\Others\Barcode\QRCodeGen\Debug\qrbitbuffer.obj
F:\PTC_Me\My Projects\C++\Others\Barcode\QRCodeGen\Debug\qrcode.obj
F:\PTC_Me\My Projects\C++\Others\Barcode\QRCodeGen\Debug\qrreedsolomongenerator.obj
F:\PTC_Me\My Projects\C++\Others\Barcode\QRCodeGen\Debug\qrsegment.obj
F:\PTC_Me\My Projects\C++\Others\Barcode\QRCodeGen\Debug\qrutility.obj
F:\PTC_Me\My Projects\C++\Others\Barcode\QRCodeGen\Debug\savejpg.obj
F:\PTC_Me\My Projects\C++\Others\Barcode\QRCodeGen\Debug\cl.command.1.tlog
F:\PTC_Me\My Projects\C++\Others\Barcode\QRCodeGen\Debug\CL.read.1.tlog
F:\PTC_Me\My Projects\C++\Others\Barcode\QRCodeGen\Debug\CL.write.1.tlog
F:\PTC_Me\My Projects\C++\Others\Barcode\QRCodeGen\Debug\link-cvtres.read.1.tlog
F:\PTC_Me\My Projects\C++\Others\Barcode\QRCodeGen\Debug\link-cvtres.write.1.tlog
F:\PTC_Me\My Projects\C++\Others\Barcode\QRCodeGen\Debug\link-rc.read.1.tlog
F:\PTC_Me\My Projects\C++\Others\Barcode\QRCodeGen\Debug\link-rc.write.1.tlog
F:\PTC_Me\My Projects\C++\Others\Barcode\QRCodeGen\Debug\link.command.1.tlog
F:\PTC_Me\My Projects\C++\Others\Barcode\QRCodeGen\Debug\link.read.1.tlog
F:\PTC_Me\My Projects\C++\Others\Barcode\QRCodeGen\Debug\link.write.1.tlog
F:\PTC_Me\My Projects\C++\Others\Barcode\QRCodeGen\Debug\vc110.idb
F:\PTC_Me\My Projects\C++\Others\Barcode\QRCodeGen\Debug\vc110.pdb
F:\PTC_Me\My Projects\C++\Others\Barcode\Debug\QRCodeGen.pdb
F:\PTC_Me\My Projects\C++\Others\Barcode\Debug\QRCodeGen.exe
F:\PTC_Me\My Projects\C++\Others\Barcode\Debug\QRCodeGen.ilk
